<?xml version="1.0" encoding="UTF-8"?>
<testng-results skipped="0" failed="0" ignored="0" total="1" passed="1">
  <reporter-output>
  </reporter-output>
  <suite name="Default suite" duration-ms="71" started-at="2020-06-17T13:51:35 IST" finished-at="2020-06-17T13:51:35 IST">
    <groups>
    </groups>
    <test name="Default test" duration-ms="71" started-at="2020-06-17T13:51:35 IST" finished-at="2020-06-17T13:51:35 IST">
      <class name="testCases.TC_001">
        <test-method status="PASS" signature="test()[pri:0, instance:testCases.TC_001@3b0143d3]" name="test" duration-ms="10" started-at="2020-06-17T13:51:35 IST" finished-at="2020-06-17T13:51:35 IST">
          <reporter-output>
          </reporter-output>
        </test-method> <!-- test -->
      </class> <!-- testCases.TC_001 -->
    </test> <!-- Default test -->
  </suite> <!-- Default suite -->
</testng-results>
